Determining if the pthread_create exist failed with the following output:
Change Dir: /home/ping/zzw/10_21/goujizi/Localization/QuadTree/build/CMakeFiles/CMakeTmp

Run Build Command:"/usr/bin/make" "cmTC_2baf3/fast"
/usr/bin/make -f CMakeFiles/cmTC_2baf3.dir/build.make CMakeFiles/cmTC_2baf3.dir/build
make[1]: Entering directory '/home/ping/zzw/10_21/goujizi/Localization/QuadTree/build/CMakeFiles/CMakeTmp'
Building C object CMakeFiles/cmTC_2baf3.dir/CheckSymbolExists.c.o
/usr/bin/cc    -o CMakeFiles/cmTC_2baf3.dir/CheckSymbolExists.c.o   -c /home/ping/zzw/10_21/goujizi/Localization/QuadTree/build/CMakeFiles/CMakeTmp/CheckSymbolExists.c
Linking C executable cmTC_2baf3
/usr/bin/cmake -E cmake_link_script CMakeFiles/cmTC_2baf3.dir/link.txt --verbose=1
/usr/bin/cc      -rdynamic CMakeFiles/cmTC_2baf3.dir/CheckSymbolExists.c.o  -o cmTC_2baf3 
CMakeFiles/cmTC_2baf3.dir/CheckSymbolExists.c.o: In function `main':
CheckSymbolExists.c:(.text+0x14): undefined reference to `pthread_create'
CheckSymbolExists.c:(.text+0x18): undefined reference to `pthread_create'
collect2: error: ld returned 1 exit status
CMakeFiles/cmTC_2baf3.dir/build.make:97: recipe for target 'cmTC_2baf3' failed
make[1]: *** [cmTC_2baf3] Error 1
make[1]: Leaving directory '/home/ping/zzw/10_21/goujizi/Localization/QuadTree/build/CMakeFiles/CMakeTmp'
Makefile:126: recipe for target 'cmTC_2baf3/fast' failed
make: *** [cmTC_2baf3/fast] Error 2

File /home/ping/zzw/10_21/goujizi/Localization/QuadTree/build/CMakeFiles/CMakeTmp/CheckSymbolExists.c:
/* */
#include <pthread.h>

int main(int argc, char** argv)
{
  (void)argv;
#ifndef pthread_create
  return ((int*)(&pthread_create))[argc];
#else
  (void)argc;
  return 0;
#endif
}

Determining if the function pthread_create exists in the pthreads failed with the following output:
Change Dir: /home/ping/zzw/10_21/goujizi/Localization/QuadTree/build/CMakeFiles/CMakeTmp

Run Build Command:"/usr/bin/make" "cmTC_45350/fast"
/usr/bin/make -f CMakeFiles/cmTC_45350.dir/build.make CMakeFiles/cmTC_45350.dir/build
make[1]: Entering directory '/home/ping/zzw/10_21/goujizi/Localization/QuadTree/build/CMakeFiles/CMakeTmp'
Building C object CMakeFiles/cmTC_45350.dir/CheckFunctionExists.c.o
/usr/bin/cc   -DCHECK_FUNCTION_EXISTS=pthread_create   -o CMakeFiles/cmTC_45350.dir/CheckFunctionExists.c.o   -c /usr/share/cmake-3.10/Modules/CheckFunctionExists.c
Linking C executable cmTC_45350
/usr/bin/cmake -E cmake_link_script CMakeFiles/cmTC_45350.dir/link.txt --verbose=1
/usr/bin/cc  -DCHECK_FUNCTION_EXISTS=pthread_create    -rdynamic CMakeFiles/cmTC_45350.dir/CheckFunctionExists.c.o  -o cmTC_45350 -lpthreads 
/usr/bin/ld: cannot find -lpthreads
collect2: error: ld returned 1 exit status
CMakeFiles/cmTC_45350.dir/build.make:97: recipe for target 'cmTC_45350' failed
make[1]: *** [cmTC_45350] Error 1
make[1]: Leaving directory '/home/ping/zzw/10_21/goujizi/Localization/QuadTree/build/CMakeFiles/CMakeTmp'
Makefile:126: recipe for target 'cmTC_45350/fast' failed
make: *** [cmTC_45350/fast] Error 2


